[2015-10-30 18:09:30] local.ERROR: exception 'Symfony\Component\Debug\Exception\FatalErrorException' with message 'Undefined constant 'App\Providers\App\Article'' in C:\wamp\www\laravel5\app\Providers\RouteServiceProvider.php:27
Stack trace:
#0 C:\wamp\www\laravel5\vendor\laravel\framework\src\Illuminate\Foundation\Bootstrap\HandleExceptions.php(131): Symfony\Component\Debug\Exception\FatalErrorException->__construct()
#1 C:\wamp\www\laravel5\vendor\laravel\framework\src\Illuminate\Foundation\Bootstrap\HandleExceptions.php(116): Illuminate\Foundation\Bootstrap\HandleExceptions->fatalExceptionFromError()
#2 C:\wamp\www\laravel5\vendor\laravel\framework\src\Illuminate\Foundation\Bootstrap\HandleExceptions.php(0): Illuminate\Foundation\Bootstrap\HandleExceptions->handleShutdown()
#3 C:\wamp\www\laravel5\vendor\laravel\framework\src\Illuminate\Container\Container.php(526): App\Providers\RouteServiceProvider->boot()
#4 C:\wamp\www\laravel5\vendor\laravel\framework\src\Illuminate\Container\Container.php(526): call_user_func_array()
#5 C:\wamp\www\laravel5\vendor\laravel\framework\src\Illuminate\Foundation\Application.php(703): Illuminate\Container\Container->call()
#6 C:\wamp\www\laravel5\vendor\laravel\framework\src\Illuminate\Foundation\Application.php(685): Illuminate\Foundation\Application->bootProvider()
#7 C:\wamp\www\laravel5\vendor\laravel\framework\src\Illuminate\Foundation\Application.php(686): Illuminate\Foundation\Application->Illuminate\Foundation\{closure}()
#8 C:\wamp\www\laravel5\vendor\laravel\framework\src\Illuminate\Foundation\Application.php(686): array_walk()
#9 C:\wamp\www\laravel5\vendor\laravel\framework\src\Illuminate\Foundation\Bootstrap\BootProviders.php(15): Illuminate\Foundation\Application->boot()
#10 C:\wamp\www\laravel5\vendor\laravel\framework\src\Illuminate\Foundation\Application.php(183): Illuminate\Foundation\Bootstrap\BootProviders->bootstrap()
#11 C:\wamp\www\laravel5\vendor\laravel\framework\src\Illuminate\Foundation\Http\Kernel.php(199): Illuminate\Foundation\Application->bootstrapWith()
#12 C:\wamp\www\laravel5\vendor\laravel\framework\src\Illuminate\Foundation\Http\Kernel.php(110): Illuminate\Foundation\Http\Kernel->bootstrap()
#13 C:\wamp\www\laravel5\vendor\laravel\framework\src\Illuminate\Foundation\Http\Kernel.php(84): Illuminate\Foundation\Http\Kernel->sendRequestThroughRouter()
#14 C:\wamp\www\laravel5\public\index.php(53): Illuminate\Foundation\Http\Kernel->handle()
#15 C:\wamp\www\laravel5\public\index.php(0): {main}()
#16 {main}  
[2015-10-30 18:09:42] local.ERROR: exception 'Illuminate\Database\Eloquent\ModelNotFoundException' with message 'No query results for model [App\Article].' in C:\wamp\www\laravel5\vendor\laravel\framework\src\Illuminate\Database\Eloquent\Builder.php:125
Stack trace:
#0 [internal function]: Illuminate\Database\Eloquent\Builder->findOrFail(Object(App\Article))
#1 C:\wamp\www\laravel5\vendor\laravel\framework\src\Illuminate\Database\Eloquent\Model.php(3362): call_user_func_array(Array, Array)
#2 [internal function]: Illuminate\Database\Eloquent\Model->__call('findOrFail', Array)
#3 [internal function]: App\Article->findOrFail(Object(App\Article))
#4 C:\wamp\www\laravel5\vendor\laravel\framework\src\Illuminate\Database\Eloquent\Model.php(3376): call_user_func_array(Array, Array)
#5 C:\wamp\www\laravel5\app\Http\Controllers\ArticlesController.php(31): Illuminate\Database\Eloquent\Model::__callStatic('findOrFail', Array)
#6 C:\wamp\www\laravel5\app\Http\Controllers\ArticlesController.php(31): App\Article::findOrFail(Object(App\Article))
#7 [internal function]: App\Http\Controllers\ArticlesController->show(Object(App\Article))
#8 C:\wamp\www\laravel5\vendor\laravel\framework\src\Illuminate\Routing\Controller.php(246): call_user_func_array(Array, Array)
#9 C:\wamp\www\laravel5\vendor\laravel\framework\src\Illuminate\Routing\ControllerDispatcher.php(162): Illuminate\Routing\Controller->callAction('show', Array)
#10 C:\wamp\www\laravel5\vendor\laravel\framework\src\Illuminate\Routing\ControllerDispatcher.php(107): Illuminate\Routing\ControllerDispatcher->call(Object(App\Http\Controllers\ArticlesController), Object(Illuminate\Routing\Route), 'show')
#11 [internal function]: Illuminate\Routing\ControllerDispatcher->Illuminate\Routing\{closure}(Object(Illuminate\Http\Request))
#12 C:\wamp\www\laravel5\vendor\laravel\framework\src\Illuminate\Pipeline\Pipeline.php(141): call_user_func(Object(Closure), Object(Illuminate\Http\Request))
#13 [internal function]: Illuminate\Pipeline\Pipeline->Illuminate\Pipeline\{closure}(Object(Illuminate\Http\Request))
#14 C:\wamp\www\laravel5\vendor\laravel\framework\src\Illuminate\Pipeline\Pipeline.php(101): call_user_func(Object(Closure), Object(Illuminate\Http\Request))
#15 C:\wamp\www\laravel5\vendor\laravel\framework\src\Illuminate\Routing\ControllerDispatcher.php(108): Illuminate\Pipeline\Pipeline->then(Object(Closure))
#16 C:\wamp\www\laravel5\vendor\laravel\framework\src\Illuminate\Routing\ControllerDispatcher.php(67): Illuminate\Routing\ControllerDispatcher->callWithinStack(Object(App\Http\Controllers\ArticlesController), Object(Illuminate\Routing\Route), Object(Illuminate\Http\Request), 'show')
#17 C:\wamp\www\laravel5\vendor\laravel\framework\src\Illuminate\Routing\Route.php(204): Illuminate\Routing\ControllerDispatcher->dispatch(Object(Illuminate\Routing\Route), Object(Illuminate\Http\Request), 'App\Http\Contro...', 'show')
#18 C:\wamp\www\laravel5\vendor\laravel\framework\src\Illuminate\Routing\Route.php(134): Illuminate\Routing\Route->runWithCustomDispatcher(Object(Illuminate\Http\Request))
#19 C:\wamp\www\laravel5\vendor\laravel\framework\src\Illuminate\Routing\Router.php(701): Illuminate\Routing\Route->run(Object(Illuminate\Http\Request))
#20 [internal function]: Illuminate\Routing\Router->Illuminate\Routing\{closure}(Object(Illuminate\Http\Request))
#21 C:\wamp\www\laravel5\vendor\laravel\framework\src\Illuminate\Pipeline\Pipeline.php(141): call_user_func(Object(Closure), Object(Illuminate\Http\Request))
#22 [internal function]: Illuminate\Pipeline\Pipeline->Illuminate\Pipeline\{closure}(Object(Illuminate\Http\Request))
#23 C:\wamp\www\laravel5\vendor\laravel\framework\src\Illuminate\Pipeline\Pipeline.php(101): call_user_func(Object(Closure), Object(Illuminate\Http\Request))
#24 C:\wamp\www\laravel5\vendor\laravel\framework\src\Illuminate\Routing\Router.php(703): Illuminate\Pipeline\Pipeline->then(Object(Closure))
#25 C:\wamp\www\laravel5\vendor\laravel\framework\src\Illuminate\Routing\Router.php(670): Illuminate\Routing\Router->runRouteWithinStack(Object(Illuminate\Routing\Route), Object(Illuminate\Http\Request))
#26 C:\wamp\www\laravel5\vendor\laravel\framework\src\Illuminate\Routing\Router.php(628): Illuminate\Routing\Router->dispatchToRoute(Object(Illuminate\Http\Request))
#27 C:\wamp\www\laravel5\vendor\laravel\framework\src\Illuminate\Foundation\Http\Kernel.php(214): Illuminate\Routing\Router->dispatch(Object(Illuminate\Http\Request))
#28 [internal function]: Illuminate\Foundation\Http\Kernel->Illuminate\Foundation\Http\{closure}(Object(Illuminate\Http\Request))
#29 C:\wamp\www\laravel5\vendor\laravel\framework\src\Illuminate\Pipeline\Pipeline.php(141): call_user_func(Object(Closure), Object(Illuminate\Http\Request))
#30 C:\wamp\www\laravel5\vendor\laravel\framework\src\Illuminate\Foundation\Http\Middleware\VerifyCsrfToken.php(43): Illuminate\Pipeline\Pipeline->Illuminate\Pipeline\{closure}(Object(Illuminate\Http\Request))
#31 C:\wamp\www\laravel5\app\Http\Middleware\VerifyCsrfToken.php(17): Illuminate\Foundation\Http\Middleware\VerifyCsrfToken->handle(Object(Illuminate\Http\Request), Object(Closure))
#32 C:\wamp\www\laravel5\vendor\laravel\framework\src\Illuminate\Pipeline\Pipeline.php(125): App\Http\Middleware\VerifyCsrfToken->handle(Object(Illuminate\Http\Request), Object(Closure))
#33 C:\wamp\www\laravel5\vendor\laravel\framework\src\Illuminate\View\Middleware\ShareErrorsFromSession.php(55): Illuminate\Pipeline\Pipeline->Illuminate\Pipeline\{closure}(Object(Illuminate\Http\Request))
#34 C:\wamp\www\laravel5\vendor\laravel\framework\src\Illuminate\Pipeline\Pipeline.php(125): Illuminate\View\Middleware\ShareErrorsFromSession->handle(Object(Illuminate\Http\Request), Object(Closure))
#35 C:\wamp\www\laravel5\vendor\laravel\framework\src\Illuminate\Session\Middleware\StartSession.php(61): Illuminate\Pipeline\Pipeline->Illuminate\Pipeline\{closure}(Object(Illuminate\Http\Request))
#36 C:\wamp\www\laravel5\vendor\laravel\framework\src\Illuminate\Pipeline\Pipeline.php(125): Illuminate\Session\Middleware\StartSession->handle(Object(Illuminate\Http\Request), Object(Closure))
#37 C:\wamp\www\laravel5\vendor\laravel\framework\src\Illuminate\Cookie\Middleware\AddQueuedCookiesToResponse.php(36): Illuminate\Pipeline\Pipeline->Illuminate\Pipeline\{closure}(Object(Illuminate\Http\Request))
#38 C:\wamp\www\laravel5\vendor\laravel\framework\src\Illuminate\Pipeline\Pipeline.php(125): Illuminate\Cookie\Middleware\AddQueuedCookiesToResponse->handle(Object(Illuminate\Http\Request), Object(Closure))
#39 C:\wamp\www\laravel5\vendor\laravel\framework\src\Illuminate\Cookie\Middleware\EncryptCookies.php(40): Illuminate\Pipeline\Pipeline->Illuminate\Pipeline\{closure}(Object(Illuminate\Http\Request))
#40 C:\wamp\www\laravel5\vendor\laravel\framework\src\Illuminate\Pipeline\Pipeline.php(125): Illuminate\Cookie\Middleware\EncryptCookies->handle(Object(Illuminate\Http\Request), Object(Closure))
#41 C:\wamp\www\laravel5\vendor\laravel\framework\src\Illuminate\Foundation\Http\Middleware\CheckForMaintenanceMode.php(42): Illuminate\Pipeline\Pipeline->Illuminate\Pipeline\{closure}(Object(Illuminate\Http\Request))
#42 C:\wamp\www\laravel5\vendor\laravel\framework\src\Illuminate\Pipeline\Pipeline.php(125): Illuminate\Foundation\Http\Middleware\CheckForMaintenanceMode->handle(Object(Illuminate\Http\Request), Object(Closure))
#43 [internal function]: Illuminate\Pipeline\Pipeline->Illuminate\Pipeline\{closure}(Object(Illuminate\Http\Request))
#44 C:\wamp\www\laravel5\vendor\laravel\framework\src\Illuminate\Pipeline\Pipeline.php(101): call_user_func(Object(Closure), Object(Illuminate\Http\Request))
#45 C:\wamp\www\laravel5\vendor\laravel\framework\src\Illuminate\Foundation\Http\Kernel.php(115): Illuminate\Pipeline\Pipeline->then(Object(Closure))
#46 C:\wamp\www\laravel5\vendor\laravel\framework\src\Illuminate\Foundation\Http\Kernel.php(84): Illuminate\Foundation\Http\Kernel->sendRequestThroughRouter(Object(Illuminate\Http\Request))
#47 C:\wamp\www\laravel5\public\index.php(53): Illuminate\Foundation\Http\Kernel->handle(Object(Illuminate\Http\Request))
#48 {main}  
